<?xml version="1.0" encoding="UTF-8"?>
<testsuite xmlns:xsi="http://www.w3.org/2001/XMLSchema-instance" xsi:noNamespaceSchemaLocation="https://maven.apache.org/surefire/maven-surefire-plugin/xsd/surefire-test-report-3.0.xsd" version="3.0" name="com.guatesalva.controllers.usuarioEstudianteImplementsTest" time="0.263" tests="1" errors="0" skipped="0" failures="0">
  <properties>
[...]
</properties>
  <testcase name="testAutentificar" classname="com.guatesalva.controllers.usuarioEstudianteImplementsTest" time="0.243">
    <system-out><![CDATA[Autentificar
]]></system-out>
  </testcase>
</testsuite>